Synchronize It! v3.1 LOG file
         411   15-03-2004 17:09:22  0  0  0   nans.m
          90   26-05-2006 19:34:54  0  0  0   modeC.m
         659   15-03-2004 17:09:22  0  0  0   irandn.m
         578   15-03-2004 17:09:22  0  0  0   irand.m
         420   15-03-2004 17:09:22  0  0  0   infs.m
        1787   24-10-2008 21:37:46  0  0  0   addfm.m
          93   26-05-2006 19:40:14  0  0  0   modeITUlong.m
          50   24-05-2007 21:45:46  0  0  0   ituBitshift.m
         150   21-03-2008 16:27:14  0  0  0   gmatwy.m
         315   11-04-2006 09:17:52  0  0  0   SeqUp.m
         145   24-05-2007 21:47:06  0  0  0   ituAsl.m
         127   27-10-2008 17:32:09  0  0  0   Contents.m
         232   05-05-2009 10:56:09  0  0  0   SeqSinCosSq.m
          72   30-06-2005 11:19:41  0  0  0   lut.m
         192   24-05-2007 21:46:54  0  0  0   ituSat.m
         258   06-06-2006 15:58:54  0  0  0   promote.m
          59   24-05-2007 21:41:40  0  0  0   ituAdd.m
        1059   21-03-2008 15:57:01  0  0  0   ieye.m
        1645   31-03-2003 19:21:46  0  0  0   addutils.m
          92   26-05-2006 19:33:00  0  0  0   modeCSat.m
         498   16-06-2008 18:18:29  0  0  0   quat2rot.m
         114   26-05-2006 19:38:04  0  0  0   modeMasterL.m
          92   23-03-2009 17:38:22  0  0  0   modeITUshort.m
         316   01-09-2008 16:15:10  0  0  0   SeqDn.m
        3599   31-10-2008 12:33:39  0  0  0   runfxp.m
         375   03-11-2006 11:25:20  0  0  0   SeqM1.m
         115   23-03-2009 17:40:03  0  0  0   modeMaster.m
         255   06-06-2006 15:58:51  0  0  0   demote.m
         242   05-05-2009 10:55:28  0  0  0   SeqHex.m
         343   24-05-2007 21:44:39  0  0  0   ituMultr.m
         144   24-05-2007 21:43:19  0  0  0   ituAsr.m
          90   26-05-2006 17:05:56  0  0  0   modeAcc.m
        4885   06-03-2007 13:37:24  0  0  0   run(older).m
         291   26-02-2008 09:46:30  0  0  0   rot2ypr.m
          56   24-05-2007 21:45:08  0  0  0   ituSub.m
