Synchronize It! v3.1 LOG file
         504   03-03-2002 14:51:08  0  0  0   isascii.m
        2331   06-06-2002 17:13:36  0  0  0   sexpand.m
         550   03-03-2002 14:50:56  0  0  0   isrowvector.m
        1261   03-03-2002 14:51:00  0  0  0   isposint.m
         656   03-03-2002 14:50:46  0  0  0   isxdigit.m
        1580   13-10-2003 14:25:20  0  0  0   blockrot90.m
         759   15-10-2001 01:49:42  0  0  0   fnsdim.m
         498   03-03-2002 14:51:04  0  0  0   isdigit.m
        1535   28-10-2008 12:26:25  0  0  0   Contents.m
        2574   06-06-2002 17:13:36  0  0  0   gsexpand.m
        2103   03-03-2002 14:52:38  0  0  0   ndimgrid.m
         463   03-03-2002 14:50:48  0  0  0   isupper.m
        1742   03-03-2002 14:51:24  0  0  0   distmat2.m
        1191   03-11-2003 19:55:22  0  0  0   iseven.m
         879   13-12-2004 17:26:18  0  0  0   cart2pold.m
        2798   13-10-2003 14:25:06  0  0  0   rotarray.m
         857   03-03-2002 14:51:16  0  0  0   findrows.m
        2264   03-03-2002 14:21:10  0  0  0   repelm.m
        1870   15-10-2001 01:49:42  0  0  0   asvec.m
        2432   03-03-2002 14:23:30  0  0  0   zeroscls.m
         582   13-10-2003 16:04:24  0  0  0   tanpluspihalf.m
         458   03-03-2002 14:51:04  0  0  0   islower.m
        1892   03-03-2002 14:51:30  0  0  0   distmat0.m
        1557   03-03-2002 14:51:40  0  0  0   blockflipdim.m
         602   03-11-2003 18:43:34  0  0  0   acosplus1.m
        3274   15-10-2001 01:49:42  0  0  0   reparray.m
         428   03-03-2002 14:50:54  0  0  0   isscalarBis.m
         644   03-11-2003 18:43:36  0  0  0   cosminus1.m
         844   03-03-2002 14:50:34  0  0  0   subdivide.m
         754   03-03-2002 14:50:58  0  0  0   isprtchr.m
        2258   03-03-2002 14:51:34  0  0  0   cropbyval.m
         588   03-11-2003 18:43:36  0  0  0   coshminus1.m
        1225   20-10-2003 09:45:14  0  0  0   sinc.m
         557   03-03-2002 14:51:06  0  0  0   iscolvector.m
         889   23-10-2001 19:26:00  0  0  0   bounds2ind.m
        1389   03-03-2002 14:50:36  0  0  0   splitarray.m
         615   03-11-2003 18:43:34  0  0  0   acoshplus1.m
        1282   03-03-2002 14:50:42  0  0  0   mergearray.m
        6775   15-10-2001 01:49:42  0  0  0   resize.m
        1195   12-04-2003 15:28:40  0  0  0   isodd.m
         996   15-10-2001 01:49:42  0  0  0   asrow.m
         543   03-03-2002 14:51:32  0  0  0   distmat.m
        1279   15-10-2001 01:49:42  0  0  0   ascol.m
        1714   15-10-2001 01:49:40  0  0  0   blockdiag.m
        2313   03-03-2002 14:50:28  0  0  0   xrepmat.m
         388   03-03-2002 14:51:02  0  0  0   ismatrix.m
        1911   03-03-2002 14:51:22  0  0  0   distmat3.m
        1215   03-03-2002 14:51:36  0  0  0   blockflipud.m
         866   03-03-2002 14:51:20  0  0  0   findcols.m
         435   03-03-2002 14:50:48  0  0  0   isvectorBIS.m
         830   03-03-2002 14:52:36  0  0  0   powerset.m
         431   03-03-2002 14:50:50  0  0  0   issymmetric.m
        1513   03-03-2002 14:51:14  0  0  0   fmap.m
        1191   03-03-2002 14:51:38  0  0  0   blockfliplr.m
        1048   03-03-2002 14:50:32  0  0  0   vecfill.m
         766   17-08-2003 16:01:46  0  0  0   movsum.m
        2086   03-03-2002 14:51:28  0  0  0   distmat1.m
        1735   03-03-2002 14:20:50  0  0  0   maskrepelem.m
        5455   15-10-2001 01:49:42  0  0  0   mahaldist.m
        1379   12-07-2003 23:14:14  0  0  0   latexmat.m
         420   03-03-2002 14:51:10  0  0  0   isalpha.m
         491   03-03-2002 14:51:12  0  0  0   isalnum.m
         871   15-10-2001 01:49:42  0  0  0   flipalldims.m
         578   03-11-2003 18:43:34  0  0  0   atanminuspihalf.m
         580   13-10-2003 16:04:14  0  0  0   tanhminus1.m
         601   13-10-2003 15:27:26  0  0  0   wraprad.m
        2786   15-10-2001 01:49:42  0  0  0   cummax.m
        1287   12-04-2003 15:31:00  0  0  0   isint.m
        1524   17-04-2003 11:37:12  0  0  0   swapdims.m
        2410   03-03-2002 14:50:30  0  0  0   xkron.m
