Synchronize It! v3.1 LOG file
        2489   15-03-2004 17:09:24  0  0  0   ismin.html
        3068   15-03-2004 17:09:26  0  0  0   adjsizabdim.html
        2297   15-03-2004 17:09:26  0  0  0   adjsiza.html
        1712   15-03-2004 17:09:26  0  0  0   firstsing.html
        5183   15-03-2004 17:09:26  0  0  0   plotdot.html
        2289   15-03-2004 17:09:26  0  0  0   ploth.html
        4315   15-03-2004 17:09:26  0  0  0   vsortind.html
        2187   15-03-2004 17:09:26  0  0  0   linsum.html
        2672   15-03-2004 17:09:24  0  0  0   adjsiz.html
        2288   15-03-2004 17:09:24  0  0  0   bindice.html
        2188   15-03-2004 17:09:24  0  0  0   linmean.html
        2263   15-03-2004 17:09:24  0  0  0   plotnh.html
        2139   15-03-2004 17:09:26  0  0  0   sizes.html
        5467   15-03-2004 17:09:26  0  0  0   interp1n.html
        2547   15-03-2004 17:09:26  0  0  0   ismax.html
        1560   15-03-2004 17:09:24  0  0  0   irandn.html
        2609   15-03-2004 17:09:26  0  0  0   norm1.html
        1675   15-03-2004 17:09:24  0  0  0   irand.html
        1512   15-03-2004 17:09:26  0  0  0   infs.html
        2056   15-03-2004 17:09:24  0  0  0   sortind.html
        2024   15-03-2004 17:09:26  0  0  0   wrapind.html
        4631   15-03-2004 17:09:26  0  0  0   histnw.html
        2956   15-03-2004 17:09:26  0  0  0   histn.html
        2198   15-03-2004 17:09:26  0  0  0   index1.html
        3647   15-03-2004 17:09:26  0  0  0   erlang.html
        2415   15-03-2004 17:09:26  0  0  0   randpern.html
        2052   15-03-2004 17:09:24  0  0  0   minind.html
        1956   15-03-2004 17:09:24  0  0  0   mdiv.html
        1945   15-03-2004 17:09:24  0  0  0   maxsize.html
        2340   15-03-2004 17:09:24  0  0  0   sizem.html
        2214   15-03-2004 17:09:24  0  0  0   mexp.html
        1664   15-03-2004 17:09:24  0  0  0   qfunc.html
        2149   15-03-2004 17:09:26  0  0  0   setifnotexistorempty.html
        2028   15-03-2004 17:09:24  0  0  0   setifnotexist.html
        1840   15-03-2004 17:09:24  0  0  0   qfuncinv.html
        2068   15-03-2004 17:09:26  0  0  0   firstnonsing.html
        1978   15-03-2004 17:09:26  0  0  0   ncumsum.html
        1942   15-03-2004 17:09:24  0  0  0   mprod.html
        2643   15-03-2004 17:09:26  0  0  0   cdfplotmed.html
        2493   15-03-2004 17:09:24  0  0  0   poisson.html
        3394   15-03-2004 17:09:24  0  0  0   plotnorm.html
        2772   15-03-2004 17:09:26  0  0  0   percentile.html
        2077   15-03-2004 17:09:24  0  0  0   flatten.html
        2865   15-03-2004 17:09:26  0  0  0   index.html
        1844   15-03-2004 17:09:24  0  0  0   mplus.html
        2356   15-03-2004 17:09:24  0  0  0   lin2db.html
        2217   15-03-2004 17:09:26  0  0  0   db2lin.html
        3858   15-03-2004 17:09:26  0  0  0   expfilt.html
        2220   15-03-2004 17:09:24  0  0  0   lincumsum.html
        1955   15-03-2004 17:09:26  0  0  0   swdims.html
        2002   15-03-2004 17:09:26  0  0  0   sethold.html
        2789   15-03-2004 17:09:24  0  0  0   binomial.html
        2560   15-03-2004 17:09:26  0  0  0   setseed.html
        2227   15-03-2004 17:09:24  0  0  0   rotate.html
        2847   15-03-2004 17:09:26  0  0  0   padsiz.html
        1768   15-03-2004 17:09:24  0  0  0   nans.html
        2541   15-03-2004 17:09:26  0  0  0   repelem.html
        2874   15-03-2004 17:09:24  0  0  0   cdfplothigh.html
        2049   15-03-2004 17:09:24  0  0  0   maxind.html
        1656   15-03-2004 17:09:26  0  0  0   clean.html
        2901   15-03-2004 17:09:26  0  0  0   cdfplotlow.html
        2108   15-03-2004 17:09:26  0  0  0   lastnonsing.html
