Synchronize It! v3.1 LOG file
         644   15-03-2004 17:09:24  0  0  0   sizes.m
         411   15-03-2004 17:09:22  0  0  0   nans.m
         804   15-03-2004 17:09:22  0  0  0   lin2db.m
         659   15-03-2004 17:09:22  0  0  0   irandn.m
         578   15-03-2004 17:09:22  0  0  0   irand.m
         420   15-03-2004 17:09:22  0  0  0   infs.m
        1198   15-03-2004 17:09:22  0  0  0   adjsiza.m
         924   15-03-2004 17:09:24  0  0  0   setifnotexistorempty.m
        1067   15-03-2004 17:09:22  0  0  0   percentile.m
         443   15-03-2004 17:09:22  0  0  0   clean.m
         672   15-03-2004 17:09:22  0  0  0   minind.m
         861   15-03-2004 17:09:22  0  0  0   mplus.m
         681   15-03-2004 17:09:22  0  0  0   linmean.m
        1607   15-03-2004 17:09:22  0  0  0   erlang.m
        1858   15-03-2004 17:09:22  0  0  0   expfilt.m
        3929   15-03-2004 17:09:22  0  0  0   Contents.m
         733   15-03-2004 17:09:22  0  0  0   bindice.m
         957   15-03-2004 17:09:22  0  0  0   randpern.m
         921   15-03-2004 17:09:22  0  0  0   ismax.m
        1178   15-03-2004 17:09:22  0  0  0   cdfplotmed.m
         952   15-03-2004 17:09:22  0  0  0   poisson.m
        1019   15-03-2004 17:09:24  0  0  0   setseed.m
         864   15-03-2004 17:09:22  0  0  0   ismin.m
         736   15-03-2004 17:09:22  0  0  0   plotnh.m
        1018   15-03-2004 17:09:22  0  0  0   norm1.m
         895   15-03-2004 17:09:24  0  0  0   sizem.m
         544   15-03-2004 17:09:22  0  0  0   ncumsum.m
         999   15-03-2004 17:09:24  0  0  0   repelem.m
         669   15-03-2004 17:09:22  0  0  0   db2lin.m
         577   15-03-2004 17:09:24  0  0  0   swdims.m
         649   15-03-2004 17:09:24  0  0  0   wrapind.m
        2394   15-03-2004 17:09:24  0  0  0   vsortind.m
        1374   15-03-2004 17:09:22  0  0  0   adjsizabdim.m
         668   15-03-2004 17:09:22  0  0  0   maxind.m
         676   15-03-2004 17:09:24  0  0  0   sortind.m
         607   15-03-2004 17:09:24  0  0  0   sethold.m
         644   15-03-2004 17:09:22  0  0  0   lastnonsing.m
         569   15-03-2004 17:09:22  0  0  0   firstsing.m
         712   15-03-2004 17:09:22  0  0  0   lincumsum.m
         731   15-03-2004 17:09:22  0  0  0   ploth.m
         807   15-03-2004 17:09:24  0  0  0   setifnotexist.m
         546   15-03-2004 17:09:22  0  0  0   maxsize.m
         634   15-03-2004 17:09:22  0  0  0   firstnonsing.m
         711   15-03-2004 17:09:22  0  0  0   index1.m
        1978   15-03-2004 17:09:22  0  0  0   plotnorm.m
        2466   15-03-2004 17:09:22  0  0  0   histnw.m
         729   15-03-2004 17:09:24  0  0  0   rotate.m
        2648   15-03-2004 17:09:22  0  0  0   plotdot.m
        1289   15-03-2004 17:09:22  0  0  0   index.m
         713   15-03-2004 17:09:22  0  0  0   mdiv.m
        1266   15-03-2004 17:09:22  0  0  0   padsiz.m
        1390   15-03-2004 17:09:22  0  0  0   cdfplothigh.m
         751   15-03-2004 17:09:22  0  0  0   flatten.m
         681   15-03-2004 17:09:22  0  0  0   linsum.m
         469   15-03-2004 17:09:22  0  0  0   qfuncinv.m
         302   15-03-2004 17:09:22  0  0  0   qfunc.m
        1265   15-03-2004 17:09:22  0  0  0   adjsiz.m
        1104   15-03-2004 17:09:22  0  0  0   binomial.m
        1322   15-03-2004 17:09:22  0  0  0   histn.m
        1386   15-03-2004 17:09:22  0  0  0   cdfplotlow.m
        3143   15-03-2004 17:09:22  0  0  0   interp1n.m
         704   15-03-2004 17:09:22  0  0  0   mprod.m
         867   15-03-2004 17:09:22  0  0  0   mexp.m
