Synchronize It! v3.1 LOG file
         101   24-06-2009 17:40:35  0  0  0   addsub22_q.m
          48   24-06-2010 17:35:31  0  0  0   eq21.m
         159   23-06-2009 08:54:54  0  0  0   absdif_q.m
         146   20-06-2009 18:42:24  0  0  0   madd31.m
          48   24-06-2010 17:38:07  0  0  0   le21.m
         194   10-06-2009 11:49:42  0  0  0   macc21_q.m
          48   24-06-2010 17:38:22  0  0  0   lt21.m
         200   03-06-2009 10:38:41  0  0  0   macc41.m
         163   24-06-2009 17:41:01  0  0  0   butterDIT_q.m
         111   24-06-2010 11:05:14  0  0  0   gt21_q.m
          89   24-06-2010 20:01:04  0  0  0   eqall21_q.m
          88   07-09-2009 15:06:20  0  0  0   max21_q.m
         168   15-07-2010 16:47:46  0  0  0   avg41.m
         111   24-06-2010 11:05:35  0  0  0   le21_q.m
          46   25-06-2010 16:54:49  0  0  0   any11.m
         111   24-06-2010 16:43:53  0  0  0   ne21_q.m
          84   07-09-2009 14:12:37  0  0  0   abs11_q.m
         111   24-06-2010 11:05:49  0  0  0   lt21_q.m
          46   25-06-2010 16:54:52  0  0  0   all11.m
          48   24-06-2010 17:37:33  0  0  0   ge21.m
          72   25-06-2010 16:12:06  0  0  0   eqany21.m
         195   24-06-2009 17:40:48  0  0  0   butterDIF_q.m
         178   03-06-2009 10:11:13  0  0  0   madd41.m
          48   24-06-2010 17:37:13  0  0  0   gt21.m
         144   10-06-2009 11:20:26  0  0  0   macc21.m
          71   24-06-2010 20:00:49  0  0  0   eqall21.m
         216   03-06-2009 10:08:40  0  0  0   madd41_q.m
         111   24-06-2010 11:05:24  0  0  0   ge21_q.m
          82   15-07-2010 16:44:53  0  0  0   avg21.m
         204   20-06-2009 19:02:48  0  0  0   madd31_q.m
          47   24-06-2010 17:36:01  0  0  0   ne21.m
          88   07-09-2009 15:08:02  0  0  0   min21_q.m
         268   10-06-2009 11:27:27  0  0  0   macc41_q.m
          89   24-06-2010 20:01:10  0  0  0   eqany21_q.m
         111   24-06-2010 10:35:49  0  0  0   eq21_q.m
