Synchronize It! v3.1 LOG file
         557   19-02-2004 19:23:16  0  0  0   acosdeg.m
         704   19-02-2004 19:25:48  0  0  0   singrad.m
         968   09-02-2004 18:46:52  0  0  0   expminus1.m
         726   13-10-2003 15:58:24  0  0  0   logbase10.m
         786   19-02-2004 18:14:34  0  0  0   unwrapgrad.m
         566   19-02-2004 19:23:16  0  0  0   acosgrad.m
         705   19-02-2004 18:49:10  0  0  0   tangrad.m
         694   13-10-2003 15:58:42  0  0  0   logspace10.m
         661   19-02-2004 13:42:52  0  0  0   wrapgrad.m
         910   09-02-2004 19:31:56  0  0  0   gcd2.m
         565   19-02-2004 19:03:28  0  0  0   atandeg.m
         562   13-10-2003 15:28:32  0  0  0   prcoftot.m
         699   19-02-2004 19:25:48  0  0  0   sindeg.m
        1326   09-02-2004 18:45:46  0  0  0   factorial2.m
         864   10-01-2005 12:44:10  0  0  0   pold2cart.m
         701   19-02-2004 19:13:58  0  0  0   cosdeg.m
        5323   20-11-2003 17:04:54  0  0  0   ndmtimes.m
        3500   20-11-2003 00:56:22  0  0  0   ndmtimes_loop_optim.m
        1126   10-02-2004 09:18:34  0  0  0   log1p.m
         891   13-10-2003 16:11:12  0  0  0   isprime2.m
         558   19-02-2004 19:25:24  0  0  0   asingrad.m
       14401   09-02-2004 17:21:10  0  0  0   dawson.m
         628   19-02-2004 18:43:44  0  0  0   atan2grad.m
        1186   13-10-2003 15:44:00  0  0  0   nchoose2.m
        1137   09-02-2004 16:27:32  0  0  0   cuberoot.m
         841   13-10-2003 15:58:08  0  0  0   logbase.m
         570   19-02-2004 19:03:32  0  0  0   atangrad.m
         658   19-02-2004 13:42:52  0  0  0   wrapdeg.m
         695   19-02-2004 18:57:26  0  0  0   tandeg.m
        2602   08-02-2004 14:07:10  0  0  0   nthroot.m
         781   19-02-2004 18:14:34  0  0  0   unwrapdeg.m
         782   13-10-2003 15:28:04  0  0  0   prcdiff.m
         744   03-03-2002 14:51:44  0  0  0   lcm2.m
         563   13-10-2003 16:17:02  0  0  0   logspace2.m
         710   19-02-2004 19:23:34  0  0  0   cosgrad.m
        3386   20-11-2003 00:56:22  0  0  0   ndmtimes_loop_naive.m
         722   09-02-2004 18:48:20  0  0  0   fibonacci.m
         553   19-02-2004 19:25:24  0  0  0   asindeg.m
        2274   09-02-2004 16:27:32  0  0  0   binomcoef.m
         623   19-02-2004 18:43:44  0  0  0   atan2deg.m
