Synchronize It! v3.1 LOG file
         703   02-07-2009 16:07:42  0  0  0   mul21m_us.m
         369   06-07-2009 16:48:19  0  0  0   mul21pn_q.m
          95   01-09-2009 12:04:20  0  0  0   add21s_ul.m
          88   25-06-2009 09:16:36  0  0  0   sub21s_s.m
         361   07-09-2009 18:09:38  0  0  0   mul21s_8q24.m
         118   24-07-2009 12:19:30  0  0  0   dmux13.m
         364   07-07-2009 10:03:05  0  0  0   mul21pn_q31.m
         263   01-09-2009 11:43:39  0  0  0   sub21p_ul.m
         445   07-09-2009 18:10:46  0  0  0   mul21pn_8q24.m
         200   25-06-2009 09:41:01  0  0  0   add21p_b.m
         111   07-08-2009 15:57:50  0  0  0   mul21s_s.m
          91   01-09-2009 11:56:13  0  0  0   sub21s_us.m
          48   24-07-2009 12:15:10  0  0  0   mux81.m
         278   01-09-2009 11:43:57  0  0  0   sub21p_l.m
         246   01-09-2009 13:47:55  0  0  0   mul21p_l.m
         244   01-09-2009 11:43:03  0  0  0   add21p_ul.m
         563   18-06-2009 13:13:21  0  0  0   add21m_ubN.m
         113   31-08-2009 20:54:44  0  0  0   add41.m
          95   01-09-2009 12:03:43  0  0  0   add21s_us.m
         249   06-07-2009 10:15:13  0  0  0   mul21p_q15.m
         376   01-09-2009 13:10:34  0  0  0   sub21m_ul.m
         241   25-06-2009 09:16:06  0  0  0   sub21p_us.m
         209   25-06-2009 08:57:51  0  0  0   sub21p_s.m
          91   31-07-2009 09:53:56  0  0  0   rsub21_q.m
         373   01-09-2009 13:10:52  0  0  0   add21m_ul.m
         213   03-06-2009 10:05:24  0  0  0   mul31_q.m
         112   07-08-2009 15:59:59  0  0  0   mul21s_ub.m
         411   01-09-2009 13:12:56  0  0  0   add21m_b.m
         231   01-09-2009 14:02:04  0  0  0   mul21p_s.m
         233   15-06-2009 11:33:24  0  0  0   add21p_us.m
         355   07-07-2009 18:15:33  0  0  0   mul21s_q31.m
         350   01-09-2009 13:09:14  0  0  0   sub21m_us.m
         349   17-08-2009 12:10:38  0  0  0   mul21_q.m
          90   31-07-2009 09:53:21  0  0  0   sub21_q.m
         447   01-09-2009 13:15:05  0  0  0   sub21m_l.m
          77   27-07-2009 17:28:54  0  0  0   neg11_b.m
         577   18-06-2009 13:11:06  0  0  0   add21m_b4.m
         368   02-07-2009 16:01:45  0  0  0   mul21m_l.m
          88   01-09-2009 12:04:52  0  0  0   add21s_l.m
         659   17-06-2009 18:46:10  0  0  0   addc21m_bN.m
         318   25-06-2009 09:15:37  0  0  0   sub21p_q.m
         122   24-07-2009 12:13:56  0  0  0   mux41.m
         250   01-09-2009 14:03:04  0  0  0   mul21p_ub.m
         430   18-08-2009 09:00:58  0  0  0   cxmul42ps_q15.m
         403   01-09-2009 13:08:29  0  0  0   add21m_us.m
         173   19-05-2006 12:11:16  0  0  0   mulsS.m
         479   17-08-2009 18:10:21  0  0  0   cxmul42_q.m
         144   03-06-2009 10:03:29  0  0  0   mul31.m
         437   01-09-2009 13:14:35  0  0  0   sub21m_s.m
         720   02-07-2009 11:32:41  0  0  0   mul21m_s.m
         590   18-06-2009 16:21:16  0  0  0   addc21m_ubN.m
          87   01-09-2009 12:01:38  0  0  0   add21s_s.m
         698   02-07-2009 16:07:33  0  0  0   mul21m_ub.m
         401   06-07-2009 10:42:09  0  0  0   mul21pn_q15.m
          74   31-08-2009 20:54:10  0  0  0   add31.m
          88   01-09-2009 11:58:00  0  0  0   sub21s_b.m
         142   24-07-2009 12:19:53  0  0  0   dmux14.m
          89   31-08-2009 21:04:26  0  0  0   add21_q.m
         109   07-08-2009 15:57:02  0  0  0   mul21s_b.m
          85   01-09-2009 11:57:03  0  0  0   sub21s_ub.m
          57   22-06-2009 12:20:33  0  0  0   negs_s.m
         273   01-09-2009 11:44:18  0  0  0   add21p_l.m
         150   03-06-2009 10:01:55  0  0  0   mul42.m
         343   05-06-2009 13:31:16  0  0  0   aaatemplate.m
          49   24-07-2009 12:15:38  0  0  0   mux161.m
         501   18-06-2009 13:14:08  0  0  0   add21m_ub4.m
          93   01-09-2009 12:02:50  0  0  0   add21s_ub.m
          94   24-07-2009 12:20:11  0  0  0   dmux12.m
         237   25-06-2009 08:57:26  0  0  0   sub21p_ub.m
         938   18-08-2009 14:31:54  0  0  0   cxmul42pn_q15.m
        1043   18-08-2009 14:31:38  0  0  0   cxmul42p_q15.m
         202   17-06-2009 17:34:51  0  0  0   add21p_s.m
         201   25-06-2009 09:06:23  0  0  0   sub21p_b.m
         102   24-07-2009 12:13:27  0  0  0   mux31.m
         429   18-08-2009 09:00:47  0  0  0   cxmul42s_q15.m
          49   24-07-2009 12:17:31  0  0  0   muxKK1.m
         406   06-07-2009 10:46:10  0  0  0   mul21s_q15.m
         228   01-09-2009 14:04:30  0  0  0   mul21p_b.m
         229   15-06-2009 11:34:05  0  0  0   add21p_ub.m
         114   07-08-2009 15:58:40  0  0  0   mul21s_ul.m
         446   01-09-2009 13:15:27  0  0  0   add21m_l.m
         147   17-08-2009 18:10:51  0  0  0   cxmul42.m
         325   01-09-2009 13:11:28  0  0  0   sub21m_ub.m
          41   17-08-2009 12:11:55  0  0  0   mul21.m
         297   06-07-2009 10:14:20  0  0  0   mul21ps_q15.m
         308   15-06-2009 11:48:04  0  0  0   add21p_q.m
         628   17-06-2009 18:46:15  0  0  0   addc21m_b4.m
          51   31-08-2009 21:04:10  0  0  0   add21.m
          52   31-07-2009 09:54:06  0  0  0   sub21.m
          53   31-07-2009 09:54:30  0  0  0   rsub21.m
         345   01-09-2009 13:12:01  0  0  0   add21m_ub.m
         249   02-07-2009 16:23:37  0  0  0   mul21p_ul.m
         462   15-05-2009 11:25:24  0  0  0   add161.m
         114   07-08-2009 15:59:05  0  0  0   mul21s_us.m
         436   01-09-2009 13:13:56  0  0  0   add21m_s.m
         219   03-06-2009 10:00:50  0  0  0   mul42_q.m
         415   01-09-2009 13:12:36  0  0  0   sub21m_b.m
         594   18-06-2009 16:10:34  0  0  0   addc21m_ub4.m
         721   02-07-2009 11:08:54  0  0  0   mul21m_b.m
          85   01-09-2009 12:03:10  0  0  0   add21s_b.m
         669   18-06-2009 13:14:16  0  0  0   add21m_bN.m
         257   15-05-2009 11:23:22  0  0  0   add81.m
        2385   01-09-2009 13:39:09  0  0  0   mul21m_ul.m
         259   01-09-2009 14:03:52  0  0  0   mul21p_us.m
          88   01-09-2009 11:55:04  0  0  0   sub21s_l.m
          43   27-07-2009 17:27:15  0  0  0   neg11.m
         111   07-08-2009 15:58:18  0  0  0   mul21s_l.m
          91   01-09-2009 11:55:47  0  0  0   sub21s_ul.m
          60   14-07-2009 18:16:11  0  0  0   mux21.m
