Synchronize It! v3.1 LOG file
         634   04-08-2000 15:33:46  0  0  0   linspace.m
         349   04-08-2000 15:33:46  0  0  0   nans.m
         632   04-08-2000 15:33:44  0  0  0   lin2db.m
         547   04-08-2000 15:33:44  0  0  0   irandn.m
         513   04-08-2000 15:33:44  0  0  0   irand.m
         365   04-08-2000 15:33:44  0  0  0   infs.m
        1230   04-08-2000 15:33:42  0  0  0   adjsiza.m
         704   04-08-2000 15:33:48  0  0  0   percentile.m
         330   04-08-2000 15:33:42  0  0  0   clean.m
         615   04-08-2000 15:33:44  0  0  0   minind.m
         777   04-08-2000 15:33:46  0  0  0   mplus.m
         330   22-10-2001 15:09:44  0  0  0   linmean.m
         965   04-08-2000 15:33:48  0  0  0   erlang.m
         749   23-10-2001 12:35:10  0  0  0   ismax.m
        1079   04-08-2000 15:33:46  0  0  0   cdfplotmed.m
         449   04-08-2000 15:33:48  0  0  0   poisson.m
         961   04-08-2000 15:33:48  0  0  0   setseed.m
         386   20-02-2001 16:15:30  0  0  0   plotnh.m
         788   04-08-2000 15:33:46  0  0  0   sizem.m
         919   04-08-2000 15:33:46  0  0  0   repelem.m
         455   04-08-2000 15:33:42  0  0  0   db2lin.m
         422   14-11-1998 20:45:10  0  0  0   swdims.m
         613   04-08-2000 15:33:44  0  0  0   wrapind.m
        1216   26-01-2001 10:29:52  0  0  0   vsort1n.m
         611   04-08-2000 15:33:44  0  0  0   maxind.m
         636   04-08-2000 15:33:44  0  0  0   sortind.m
         380   20-02-2001 18:09:56  0  0  0   sethold.m
         439   04-08-2000 15:33:44  0  0  0   firstsing.m
         580   08-10-2001 12:16:04  0  0  0   lincumsum.m
         358   20-02-2001 16:11:42  0  0  0   ploth.m
         695   04-08-2000 15:33:46  0  0  0   maxsize.m
         468   04-08-2000 15:33:46  0  0  0   indpart.m
         309   24-09-1999 19:16:42  0  0  0   index1.m
        2688   04-08-2000 15:33:46  0  0  0   plotdot.m
         555   21-03-2008 09:22:54  0  0  0   gcd1.m
         949   04-08-2000 15:33:44  0  0  0   index.m
         612   04-08-2000 15:33:46  0  0  0   mdiv.m
         743   04-08-2000 15:33:46  0  0  0   padsiz.m
        1291   04-08-2000 15:33:48  0  0  0   cdfplothigh.m
         693   04-08-2000 15:33:42  0  0  0   flatten.m
         564   29-01-2001 16:05:12  0  0  0   linsum.m
         158   04-08-2000 15:33:48  0  0  0   qfunc.m
        1243   04-08-2000 15:33:42  0  0  0   adjsiz.m
        1287   04-08-2000 15:33:48  0  0  0   cdfplotlow.m
        1175   04-08-2000 15:33:46  0  0  0   ndimsm.m
        1973   26-01-2001 10:31:08  0  0  0   interp1n.m
         601   04-08-2000 15:33:44  0  0  0   mprod.m
