Synchronize It! v3.1 LOG file
         425   29-02-2008 11:04:33  0  0  0   tmrStart.m
         396   16-06-2008 13:38:19  0  0  0   waitAck.m
        2265   16-06-2008 13:47:48  0  0  0   readDevAddr.m
        1785   22-10-2008 16:31:53  0  0  0   addfm.m
         386   13-07-2006 18:47:12  0  0  0   rmpatin.m
         124   27-10-2008 17:31:15  0  0  0   Contents.m
         386   13-07-2006 18:47:11  0  0  0   addpatin.m
         114   29-02-2008 09:37:00  0  0  0   tmrStop.m
        1027   24-07-2007 09:04:09  0  0  0   getData.m
         655   16-06-2008 13:37:49  0  0  0   waitForState.m
         368   06-12-2007 12:36:45  0  0  0   setNotDone.m
        2626   22-10-2008 16:49:14  0  0  0   list_functions.m
         660   06-12-2007 12:36:45  0  0  0   seg2addr.m
        1262   16-06-2008 18:36:03  0  0  0   rspRst.m
        1020   16-06-2008 13:29:36  0  0  0   addr2seg.m
         251   20-10-2008 21:19:55  0  0  0   getTime.m
        1258   06-12-2007 12:36:45  0  0  0   openConfigFiles.m
         466   06-12-2007 12:36:45  0  0  0   waitAllDone.m
        2695   16-06-2008 15:38:54  0  0  0   readTable.m
