Synchronize It! v3.1 LOG file
        1576   04-11-2003 11:55:28  0  0  0   mad.m
        1662   04-11-2003 11:16:04  0  0  0   order.m
        1056   15-10-2001 01:49:42  0  0  0   varmat.m
         562   26-09-2002 09:20:48  0  0  0   corrmat.m
        1043   15-10-2001 01:49:42  0  0  0   scalevar.m
        1387   04-11-2003 11:25:42  0  0  0   empcdf.m
        2029   04-11-2003 11:17:06  0  0  0   spherernd.m
         391   15-10-2001 01:49:42  0  0  0   isvarmat.m
        1559   03-03-2002 14:45:34  0  0  0   randw.m
        1024   03-03-2002 14:45:24  0  0  0   varfact.m
        1134   10-11-2003 23:29:32  0  0  0   ranks.m
         480   04-11-2003 11:30:16  0  0  0   ilogit.m
        1062   04-11-2003 11:55:06  0  0  0   range.m
         458   08-11-2003 17:06:58  0  0  0   icloglog.m
        1150   15-10-2001 01:49:42  0  0  0   var2corr.m
        1952   03-03-2002 14:46:00  0  0  0   corrsort.m
        1523   04-11-2003 11:14:28  0  0  0   nanmean.m
        2606   15-10-2001 01:49:42  0  0  0   quantile.m
         685   04-11-2003 11:42:56  0  0  0   logit.m
         830   15-10-2001 01:49:42  0  0  0   meanvar.m
        2281   04-11-2003 11:53:42  0  0  0   medmad.m
        2065   03-03-2002 14:45:38  0  0  0   perctile.m
        1359   15-10-2001 01:49:42  0  0  0   nansum.m
        1398   15-10-2001 01:49:42  0  0  0   covmat.m
        1098   03-03-2002 14:45:30  0  0  0   varchk.m
         736   04-11-2003 11:51:46  0  0  0   cloglog.m
         807   03-03-2002 14:45:50  0  0  0   iqrange.m
