Synchronize It! v3.1 LOG file
        6017   19-09-2009 20:35:48  0  0  0   mdoc.dmtoolbox.utils.typecheck.mfile.xml
        3081   19-09-2009 20:35:48  0  0  0   mdoc.dmtoolbox.structs.tuples2struct.mfile.xml
        5357   19-09-2009 20:35:47  0  0  0   mdoc.dmtoolbox.maps.stringmap.mfile.xml
         771   19-09-2009 20:35:47  0  0  0   mdoc.dmtoolbox.maps.mdir.xml
        3205   19-09-2009 20:35:47  0  0  0   mdoc.dmtoolbox.cells.celsplit.mfile.xml
        3183   19-09-2009 20:35:48  0  0  0   mdoc.dmtoolbox.tests.@testlog.testlog.mfile.xml
        2212   19-09-2009 20:35:47  0  0  0   mdoc.dmtoolbox.dmtoolbox_info.mfile.xml
        2796   19-09-2009 20:35:47  0  0  0   mdoc.dmtoolbox.dmtoolbox_install.mfile.xml
        2575   19-09-2009 20:35:46  0  0  0   mdoc.dmtoolbox.cells.celall.mfile.xml
        2644   19-09-2009 20:35:46  0  0  0   mdoc.dmtoolbox.cells.celany.mfile.xml
        5132   19-09-2009 20:35:48  0  0  0   mdoc.dmtoolbox.utils.combfun.mfile.xml
        3044   19-09-2009 20:35:47  0  0  0   mdoc.dmtoolbox.structs.dealfields.mfile.xml
        1143   19-09-2009 20:35:48  0  0  0   mdoc.dmtoolbox.tests.@testcase.getname.mfile.xml
        3022   19-09-2009 20:35:47  0  0  0   mdoc.dmtoolbox.cells.celselect.mfile.xml
        2676   19-09-2009 20:35:47  0  0  0   mdoc.dmtoolbox.cells.celmerge.mfile.xml
        2808   19-09-2009 20:35:48  0  0  0   mdoc.dmtoolbox.utils.counttrue.mfile.xml
        8698   19-09-2009 20:35:47  0  0  0   mdoc.dmtoolbox.structs.setopts.mfile.xml
         832   19-09-2009 20:35:48  0  0  0   mdoc.dmtoolbox.tests.@testmon.mdir.xml
        6882   19-09-2009 20:35:47  0  0  0   mdoc.dmtoolbox.strings.strformat.mfile.xml
        1183   19-09-2009 20:35:48  0  0  0   mdoc.dmtoolbox.tests.@testlog.indent.mfile.xml
        2898   19-09-2009 20:35:48  0  0  0   mdoc.dmtoolbox.tests.tassert_exc.mfile.xml
        2250   19-09-2009 20:35:48  0  0  0   mdoc.dmtoolbox.utils.anytrue.mfile.xml
        2311   19-09-2009 20:35:47  0  0  0   mdoc.dmtoolbox.strings.strend.mfile.xml
         777   19-09-2009 20:35:48  0  0  0   mdoc.dmtoolbox.tests.@testsuite.mdir.xml
        2825   19-09-2009 20:35:48  0  0  0   mdoc.dmtoolbox.tests.mdir.xml
        7344   19-09-2009 20:35:47  0  0  0   mdoc.dmtoolbox.strings.strscant.mfile.xml
        2827   19-09-2009 20:35:48  0  0  0   mdoc.dmtoolbox.tests.tassert_empty.mfile.xml
        1890   19-09-2009 20:35:48  0  0  0   mdoc.dmtoolbox.tests.@testsuite.testsuite.mfile.xml
        1511   19-09-2009 20:35:48  0  0  0   mdoc.dmtoolbox.tests.@testsuite.getunits.mfile.xml
        2505   19-09-2009 20:35:48  0  0  0   mdoc.dmtoolbox.tests.@testmon.get_testinfo.mfile.xml
        3998   19-09-2009 20:35:48  0  0  0   mdoc.dmtoolbox.tests.@testmon.addrec.mfile.xml
        9738   19-09-2009 20:35:47  0  0  0   mdoc.dmtoolbox.strings.strsubs.mfile.xml
        1213   19-09-2009 20:35:48  0  0  0   mdoc.dmtoolbox.utils.mdir.xml
        3244   19-09-2009 20:35:47  0  0  0   mdoc.dmtoolbox.strings.strindex.mfile.xml
        2950   19-09-2009 20:35:48  0  0  0   mdoc.dmtoolbox.utils.cartproduct.mfile.xml
        2860   19-09-2009 20:35:48  0  0  0   mdoc.dmtoolbox.tests.tassert_eq.mfile.xml
        6384   19-09-2009 20:35:48  0  0  0   mdoc.dmtoolbox.tests.@testcase.run.mfile.xml
        3564   19-09-2009 20:35:47  0  0  0   mdoc.dmtoolbox.strings.strjoin.mfile.xml
        1391   19-09-2009 20:35:48  0  0  0   mdoc.dmtoolbox.tests.@testsuite.getname.mfile.xml
         825   19-09-2009 20:35:48  0  0  0   mdoc.dmtoolbox.tests.@testlog.mdir.xml
        5099   19-09-2009 20:35:47  0  0  0   mdoc.dmtoolbox.maps.scalarmap.mfile.xml
        1205   19-09-2009 20:35:48  0  0  0   mdoc.dmtoolbox.tests.@testlog.print.mfile.xml
        4182   19-09-2009 20:35:47  0  0  0   mdoc.dmtoolbox.structs.fields2cell.mfile.xml
        7373   19-09-2009 20:35:47  0  0  0   mdoc.dmtoolbox.mdir.xml
        2849   19-09-2009 20:35:47  0  0  0   mdoc.dmtoolbox.structs.celosf.mfile.xml
        3203   19-09-2009 20:35:47  0  0  0   mdoc.dmtoolbox.cells.celremove.mfile.xml
        2430   19-09-2009 20:35:48  0  0  0   mdoc.dmtoolbox.utils.count_if.mfile.xml
        4599   19-09-2009 20:35:47  0  0  0   mdoc.dmtoolbox.strings.strsubsfmt.mfile.xml
        1760   19-09-2009 20:35:48  0  0  0   mdoc.dmtoolbox.tests.@testcase.testcase.mfile.xml
        1289   19-09-2009 20:35:48  0  0  0   mdoc.dmtoolbox.tests.@testlog.on_tevent.mfile.xml
        2354   19-09-2009 20:35:48  0  0  0   mdoc.dmtoolbox.utils.cartproduct_s.mfile.xml
         763   19-09-2009 20:35:48  0  0  0   mdoc.dmtoolbox.tests.@testcase.mdir.xml
        2616   19-09-2009 20:35:47  0  0  0   mdoc.dmtoolbox.cells.celremove_if.mfile.xml
        3250   19-09-2009 20:35:48  0  0  0   mdoc.dmtoolbox.tests.tassert.mfile.xml
        2141   19-09-2009 20:35:48  0  0  0   mdoc.dmtoolbox.utils.alltrue.mfile.xml
        1206   19-09-2009 20:35:47  0  0  0   mdoc.dmtoolbox.cells.mdir.xml
        2403   19-09-2009 20:35:48  0  0  0   mdoc.dmtoolbox.tests.testunit_example.mfile.xml
        3951   19-09-2009 20:35:47  0  0  0   mdoc.dmtoolbox.maps.stringmap_a.mfile.xml
        2457   19-09-2009 20:35:46  0  0  0   mdoc.dmtoolbox.cells.celcount_if.mfile.xml
        4519   19-09-2009 20:35:47  0  0  0   mdoc.dmtoolbox.maps.pairs2map.mfile.xml
        1212   19-09-2009 20:35:48  0  0  0   mdoc.dmtoolbox.tests.@testcase.nfuns.mfile.xml
        2951   19-09-2009 20:35:47  0  0  0   mdoc.dmtoolbox.strings.strranges.mfile.xml
        1438   19-09-2009 20:35:47  0  0  0   mdoc.dmtoolbox.strings.mdir.xml
        6342   19-09-2009 20:35:47  0  0  0   mdoc.dmtoolbox.structs.sortstructs.mfile.xml
        1722   19-09-2009 20:35:47  0  0  0   mdoc.dmtoolbox.dmdoc.mfile.xml
        3720   19-09-2009 20:35:47  0  0  0   mdoc.dmtoolbox.strings.strrangesubs.mfile.xml
        4273   19-09-2009 20:35:47  0  0  0   mdoc.dmtoolbox.strings.strsplit.mfile.xml
        2444   19-09-2009 20:35:46  0  0  0   mdoc.dmtoolbox.cells.celcount.mfile.xml
        2413   19-09-2009 20:35:47  0  0  0   mdoc.dmtoolbox.strings.strstart.mfile.xml
        3328   19-09-2009 20:35:47  0  0  0   mdoc.dmtoolbox.dmtoolbox_test.mfile.xml
        3148   19-09-2009 20:35:47  0  0  0   mdoc.dmtoolbox.cells.celinclude.mfile.xml
        3088   19-09-2009 20:35:48  0  0  0   mdoc.dmtoolbox.tests.tassert_class.mfile.xml
        3549   19-09-2009 20:35:48  0  0  0   mdoc.dmtoolbox.tests.@testsuite.run.mfile.xml
        1139   19-09-2009 20:35:47  0  0  0   mdoc.dmtoolbox.structs.mdir.xml
        3419   19-09-2009 20:35:48  0  0  0   mdoc.dmtoolbox.utils.arrselect.mfile.xml
        4067   19-09-2009 20:35:47  0  0  0   mdoc.dmtoolbox.structs.struct2tuples.mfile.xml
        2836   19-09-2009 20:35:48  0  0  0   mdoc.dmtoolbox.utils.countfalse.mfile.xml
        1463   19-09-2009 20:35:48  0  0  0   mdoc.dmtoolbox.tests.@testmon.nrecs.mfile.xml
        4066   19-09-2009 20:35:47  0  0  0   mdoc.dmtoolbox.structs.fields2mat.mfile.xml
        1725   19-09-2009 20:35:48  0  0  0   mdoc.dmtoolbox.tests.@testmon.testmon.mfile.xml
        3440   19-09-2009 20:35:47  0  0  0   mdoc.dmtoolbox.strings.strscan.mfile.xml
