Synchronize It! v3.1 LOG file
        1115   03-02-2004 23:12:46  0  0  0   polyint.m
        1052   03-02-2004 23:00:24  0  0  0   polyadd.m
        1366   03-02-2004 23:30:14  0  0  0   polypow.m
        1037   03-02-2004 23:00:24  0  0  0   polytrim.m
        1287   02-02-2004 09:27:12  0  0  0   chebroot.m
         911   02-02-2004 09:39:08  0  0  0   gaussquaddemo.m
         851   03-02-2004 23:00:24  0  0  0   polydiv.m
        2439   03-02-2004 23:46:16  0  0  0   poly2str.m
        2380   03-02-2004 22:46:42  0  0  0   cheb2poly.m
        1679   03-02-2004 23:34:44  0  0  0   polyreloc.m
        1389   03-02-2004 23:34:44  0  0  0   polyrescl.m
        1432   03-02-2004 23:12:46  0  0  0   polynder.m
        2836   03-02-2004 22:48:02  0  0  0   chebpoly.m
        1447   03-02-2004 23:12:46  0  0  0   polynint.m
        2498   02-02-2004 09:36:20  0  0  0   gaussquad.m
         811   03-02-2004 23:00:24  0  0  0   polymul.m
        1398   03-02-2004 23:00:24  0  0  0   chebextr.m
         785   03-02-2004 23:00:24  0  0  0   polysub.m
        2481   03-02-2004 23:41:46  0  0  0   quadroot.m
