Synchronize It! v3.1 LOG file
         424   13-10-2003 12:15:50  0  0  0   strlexlt.m
         898   13-10-2003 12:13:54  0  0  0   strflushright.m
         775   13-10-2003 12:12:58  0  0  0   ddewhite.m
        2132   31-03-2003 19:19:54  0  0  0   substr.m
         925   03-11-2003 18:43:38  0  0  0   rot13.m
        1264   13-10-2003 12:17:52  0  0  0   untabify.m
        1567   13-10-2003 12:09:44  0  0  0   strsplit.m
         762   13-10-2003 12:13:08  0  0  0   ddeblank.m
         449   13-10-2003 12:15:58  0  0  0   strlexle.m
        1165   13-10-2003 12:13:56  0  0  0   strjoin.m
        1576   13-10-2003 12:13:42  0  0  0   rstrrep.m
         896   13-10-2003 12:13:48  0  0  0   strcenter.m
         736   13-10-2003 12:12:52  0  0  0   dewhite.m
         430   13-10-2003 12:15:18  0  0  0   strlexgt.m
         647   03-11-2003 18:43:40  0  0  0   unrot13.m
         964   13-10-2003 12:13:46  0  0  0   sizestr.m
         430   13-10-2003 12:15:38  0  0  0   strlexne.m
        1003   03-11-2003 18:43:40  0  0  0   strlexcmp.m
         423   13-10-2003 12:16:02  0  0  0   strlexeq.m
         455   13-10-2003 12:16:04  0  0  0   strlexge.m
         819   13-10-2003 12:12:56  0  0  0   strflushleft.m
