Synchronize It! v3.1 LOG file
         112   01-09-2009 18:29:25  0  0  0   qbformat.m
         105   30-01-2009 13:13:48  0  0  0   bb2fp.m
         214   06-08-2009 14:56:31  0  0  0   s2ul.m
         113   01-09-2009 18:11:34  0  0  0   qlformat.m
          62   06-07-2009 10:20:46  0  0  0   q30l2fp.m
          62   27-05-2009 10:51:19  0  0  0   q14s2fp.m
         184   30-06-2009 10:14:25  0  0  0   n2un.m
         264   12-03-2009 13:19:10  0  0  0   bbbb2ul.m
          62   18-03-2009 11:41:59  0  0  0   q26l2fp.m
         245   02-07-2009 11:26:44  0  0  0   s2us.m
         158   27-07-2009 17:12:22  0  0  0   uss2ul.m
          66   27-05-2009 10:49:20  0  0  0   q14.m
        1384   22-04-2009 21:10:14  0  0  0   ul2l.m
          62   01-05-2009 11:00:32  0  0  0   q15l2fp.m
         373   27-07-2009 17:08:43  0  0  0   matlab.mat
         143   12-03-2009 13:31:03  0  0  0   bb2q10.m
         241   17-07-2009 19:55:21  0  0  0   disphex.m
         164   28-07-2009 15:57:37  0  0  0   ul2uss.m
          62   27-05-2009 10:51:39  0  0  0   q13s2fp.m
        2679   30-06-2010 12:03:14  0  0  0   qformat.m
         295   24-06-2006 11:43:49  0  0  0   dec2lhex.m
         113   06-07-2009 16:23:53  0  0  0   qsformat.m
          66   07-07-2009 09:58:33  0  0  0   q30fp2l.m
          66   27-05-2009 10:50:32  0  0  0   q13fp2s.m
          62   07-09-2009 15:40:58  0  0  0   q24l2fp.m
          66   18-03-2009 11:41:47  0  0  0   q26fp2l.m
          62   01-05-2009 11:33:43  0  0  0   q31l2fp.m
          74   18-03-2009 10:29:05  0  0  0   dispfxp.m
          66   06-07-2009 09:52:59  0  0  0   q15fp2l.m
         179   02-07-2009 11:31:54  0  0  0   us2s.m
         222   18-07-2009 11:06:44  0  0  0   qsformath.m
         272   24-06-2006 11:44:26  0  0  0   dec2shex.m
         313   16-03-2009 22:54:44  0  0  0   q26fxp2fp.m
          66   27-05-2009 10:49:04  0  0  0   q15.m
          66   27-05-2009 09:27:26  0  0  0   q15fp2s.m
         144   23-06-2009 17:15:07  0  0  0   us2bb.m
         119   12-03-2009 13:20:27  0  0  0   bb2us.m
        3438   20-10-2008 21:01:59  0  0  0   hexsingle2num.m
         172   02-07-2009 11:27:50  0  0  0   ub2b.m
         173   02-07-2009 11:33:24  0  0  0   b2ub.m
         273   24-06-2006 11:44:35  0  0  0   dec2bhex.m
          66   27-05-2009 10:49:51  0  0  0   q13.m
         747   17-07-2009 19:11:24  0  0  0   Copy of qformat.m
          66   07-09-2009 15:41:15  0  0  0   q24fp2l.m
         970   19-03-2009 20:20:27  0  0  0   l2ul.m
          66   01-05-2009 11:02:44  0  0  0   q31fp2l.m
          66   27-05-2009 10:50:51  0  0  0   q14fp2s.m
         358   13-04-2006 17:42:09  0  0  0   dec2Hexx.m
         110   09-07-2009 13:29:34  0  0  0   qeformat.m
          62   27-05-2009 09:28:43  0  0  0   q15s2fp.m
