Synchronize It! v3.1 LOG file
         617   03-03-2002 13:50:10  0  0  0   sec2hms.m
        2921   03-03-2002 13:49:16  0  0  0   weekofyear.m
        1666   03-03-2002 13:50:32  0  0  0   mjd2date.m
         417   22-06-2003 20:22:50  0  0  0   hms2sec.m
        1359   14-01-2003 22:32:12  0  0  0   unixsecs2date.m
        1375   22-06-2003 20:38:22  0  0  0   date2unixsecs.m
         461   03-03-2002 13:50:26  0  0  0   mjd2jd.m
         750   24-05-2002 16:23:32  0  0  0   hms2days.m
        1535   03-03-2002 13:51:44  0  0  0   istime.m
        1994   24-05-2002 16:24:46  0  0  0   jd2jdate.m
         463   03-03-2002 13:51:32  0  0  0   jd2mjd.m
        1094   24-05-2002 16:26:50  0  0  0   easterday.m
        1991   24-05-2002 14:31:04  0  0  0   jdate2jd.m
        2278   24-05-2002 16:24:46  0  0  0   jd2date.m
         951   03-03-2002 13:51:46  0  0  0   isleapyear.m
         946   03-03-2002 13:49:10  0  0  0   yearnum.m
        1007   03-03-2002 13:50:18  0  0  0   monthofyear.m
         580   03-03-2002 13:49:06  0  0  0   weeksinyear.m
        1120   24-05-2002 15:26:50  0  0  0   dayofweek.m
        1939   24-05-2002 14:30:06  0  0  0   date2jd.m
         493   03-03-2002 13:51:58  0  0  0   daysinyear.m
        1132   03-03-2002 13:51:48  0  0  0   isjdate.m
         839   03-03-2002 13:52:00  0  0  0   daysinmonth.m
         808   03-03-2002 13:52:14  0  0  0   date2mjd.m
         870   03-03-2002 13:52:02  0  0  0   days2hms.m
        1176   03-03-2002 13:51:50  0  0  0   isdate.m
        1230   03-03-2002 13:52:06  0  0  0   dayofyear.m
         931   03-03-2002 13:52:10  0  0  0   dayofmonth.m
