Synchronize It! v3.1 LOG file
         886   04-08-2000 15:33:52  0  0  0   sinclobe.m
        1834   29-01-2001 16:22:06  0  0  0   plothex.m
        1921   04-08-2000 15:33:50  0  0  0   nmap.m
        1602   14-02-2001 23:12:16  0  0  0   mobmove.m
        2509   04-08-2000 15:33:48  0  0  0   assign.m
        1697   04-08-2000 15:33:50  0  0  0   crelognmap.m
         841   26-01-2001 15:35:54  0  0  0   fastpc.m
        1212   04-08-2000 15:33:48  0  0  0   crecluster.m
         651   21-03-2008 09:23:46  0  0  0   terminate.m
        1331   04-08-2000 15:33:50  0  0  0   uselognmap.m
         261   04-08-2000 15:33:48  0  0  0   ci2rber.m
         443   06-08-2001 17:26:18  0  0  0   softgain.m
        1599   04-08-2000 15:33:50  0  0  0   creraylmap.m
        1463   04-08-2000 15:33:50  0  0  0   radchanalloc.m
        1724   14-02-2001 20:21:16  0  0  0   crecells.m
        1465   25-01-2001 18:52:34  0  0  0   useraylmap.m
        1858   27-03-2001 12:14:42  0  0  0   setpar.m
        1324   14-02-2001 23:02:02  0  0  0   wrapinto.m
        3154   20-03-2008 16:24:54  0  0  0   pathgain.m
         855   04-08-2000 15:33:50  0  0  0   omnilobe.m
         762   04-08-2000 15:33:50  0  0  0   mrequest.m
        1373   21-03-2008 09:24:52  0  0  0   transul.m
         929   21-03-2008 09:24:18  0  0  0   handoff.m
        8850   27-03-2001 12:14:36  0  0  0   runef.m
         908   04-08-2000 15:33:48  0  0  0   crechanplan.m
        1521   21-03-2008 09:25:30  0  0  0   transdl.m
         418   27-09-2000 17:50:36  0  0  0   showsys.m
         611   04-08-2000 15:33:50  0  0  0   cremob.m
        3154   20-03-2008 16:24:41  0  0  0   pathgain.asv
