Synchronize It! v3.1 LOG file
        1420   08-11-2003 16:06:12  0  0  0   hex_to_uint8.m
        4160   17-11-2003 11:20:14  0  0  0   single_as_uint16_to_double.m
        2147   14-10-2003 01:56:10  0  0  0   fixdig.m
        1904   08-11-2003 17:06:58  0  0  0   hex_to_int32.m
         461   08-11-2003 22:09:20  0  0  0   numlexne.m
        1307   18-11-2003 14:18:54  0  0  0   int16_to_hex.m
         715   18-11-2003 14:18:54  0  0  0   prevpow.m
        3624   17-11-2003 11:20:14  0  0  0   single_as_uint32_to_double.m
        5746   17-11-2003 20:34:48  0  0  0   real48_as_uint8_to_double.m
        1256   18-11-2003 14:18:54  0  0  0   int8_to_hex.m
        2878   17-11-2003 20:34:50  0  0  0   real48_as_double_to_uint8.m
         453   08-11-2003 22:09:20  0  0  0   numlexeq.m
        1429   05-02-2004 19:24:32  0  0  0   byte2nybble.m
        1184   17-11-2003 12:20:18  0  0  0   uint16_to_hex.m
         468   08-11-2003 22:09:20  0  0  0   numlexge.m
        1098   14-10-2003 01:56:10  0  0  0   rounddec.m
        1477   08-11-2003 16:06:12  0  0  0   hex_to_uint16.m
         437   08-11-2003 22:09:20  0  0  0   numlexlt.m
         502   08-11-2003 16:50:42  0  0  0   int2digits.m
        1546   08-11-2003 17:06:58  0  0  0   hex_to_int8.m
         494   15-10-2001 01:49:46  0  0  0   truncdec.m
        1314   13-10-2003 17:51:58  0  0  0   commaint.m
        1672   08-11-2003 17:06:56  0  0  0   hex_to_int16.m
         701   17-11-2003 12:38:04  0  0  0   nextpowof2.m
        1384   18-11-2003 14:18:54  0  0  0   int32_to_hex.m
        1101   14-10-2003 01:53:52  0  0  0   fixdec.m
        4254   17-11-2003 11:20:14  0  0  0   single_as_uint8_to_double.m
        2248   17-11-2003 12:21:26  0  0  0   uint64_to_hex.m
         979   03-03-2002 14:18:26  0  0  0   qnan.m
        3420   03-02-2004 22:36:56  0  0  0   base64decode.m
         703   17-11-2003 12:38:04  0  0  0   prevpowof2.m
        1236   17-11-2003 12:21:26  0  0  0   uint32_to_hex.m
         719   17-11-2003 12:38:04  0  0  0   prevpowof10.m
         462   08-11-2003 22:09:20  0  0  0   numlexle.m
        1275   08-11-2003 22:09:20  0  0  0   numlexcmp.m
        1897   05-02-2004 19:24:32  0  0  0   nybble2byte.m
         715   17-11-2003 12:38:04  0  0  0   nextpow.m
        1143   17-11-2003 12:21:26  0  0  0   uint8_to_hex.m
        5226   03-02-2004 22:36:56  0  0  0   base64encode.m
        2303   14-10-2003 01:56:10  0  0  0   rounddig.m
        1624   08-11-2003 17:06:58  0  0  0   hex_to_uint64.m
         714   17-11-2003 12:38:04  0  0  0   nextpowof10.m
         472   08-11-2003 17:06:58  0  0  0   divisors.m
         902   03-03-2002 14:18:38  0  0  0   roundeven.m
         488   15-10-2001 01:49:46  0  0  0   truncdig.m
        2402   04-11-2003 12:10:00  0  0  0   unpacknum.m
        1525   08-11-2003 16:06:12  0  0  0   hex_to_uint32.m
         443   08-11-2003 22:09:20  0  0  0   numlexgt.m
